[2016-08-04 09:25:47,591 INFO root] Taurus CLI Tool v1.6.5
[2016-08-04 09:25:47,592 DEBUG root] Command-line options: {'no_system_configs': None, 'log': 'bzt.log', 'aliases': [], 'option': ['help'], 'verbose': None, 'quiet': None}
[2016-08-04 09:25:47,593 DEBUG root] Python: CPython 3.4.3
[2016-08-04 09:25:47,593 DEBUG root] OS: uname_result(system='Linux', node='096f9174c51c', release='4.4.15-moby', version='#1 SMP Thu Jul 28 21:30:50 UTC 2016', machine='x86_64', processor='x86_64')
[2016-08-04 09:25:47,594 INFO root] Starting with configs: []
[2016-08-04 09:25:47,594 INFO Engine] Configuring...
[2016-08-04 09:25:47,595 DEBUG Engine] Reading machine configs from: /etc/bzt.d
[2016-08-04 09:25:47,596 INFO Engine] No personal config: /root/.bzt-rc
[2016-08-04 09:25:47,596 DEBUG Engine.Configuration] Configs: ['/etc/bzt.d/10-base.json', '/etc/bzt.d/90-artifacts-dir.json', '/etc/bzt.d/90-no-console.json', '/etc/bzt.d/99-installID.yml', '/etc/bzt.d/99-zinstallID.json']
[2016-08-04 09:25:47,597 DEBUG Engine.Configuration] Reading /etc/bzt.d/10-base.json as JSON
[2016-08-04 09:25:47,598 DEBUG Engine.Configuration] Reading /etc/bzt.d/90-artifacts-dir.json as JSON
[2016-08-04 09:25:47,598 DEBUG Engine.Configuration] Reading /etc/bzt.d/90-no-console.json as JSON
[2016-08-04 09:25:47,599 DEBUG Engine.Configuration] Reading /etc/bzt.d/99-installID.yml as YAML
[2016-08-04 09:25:47,600 DEBUG Engine.Configuration] Reading /etc/bzt.d/99-zinstallID.json as JSON
[2016-08-04 09:25:47,601 DEBUG Engine.Configuration] Configs: []
[2016-08-04 09:25:47,601 DEBUG root] Configs: []
[2016-08-04 09:25:47,602 DEBUG Engine] Requesting updates info: http://gettaurus.org/updates/?version=1.6.5&installID=Docker
[2016-08-04 09:25:47,813 DEBUG Engine] Result: {"latest":"1.6.5","needsUpgrade":false}
[2016-08-04 09:25:47,813 DEBUG Engine] Installation is up-to-date
[2016-08-04 09:25:47,814 DEBUG root] Caught exception in try: Traceback (most recent call last):
  File "/usr/lib/python3.4/site-packages/bzt/cli.py", line 151, in perform
    overrider.apply_overrides(self.options.option, self.engine.config)
  File "/usr/lib/python3.4/site-packages/bzt/cli.py", line 246, in apply_overrides
    name = option[:option.index('=')]
ValueError: substring not found

[2016-08-04 09:25:47,815 ERROR root] ValueError: substring not found
[2016-08-04 09:25:47,815 INFO Engine] Post-processing...
[2016-08-04 09:25:47,816 INFO root] Artifacts dir: None
[2016-08-04 09:25:47,817 WARNING root] Done performing with code: 1
[2016-08-04 09:25:47,818 DEBUG Engine] Add existing artifact (move=True): bzt.log
[2016-08-04 09:25:47,819 WARNING Engine] Artifacts dir has not been set, will not copy bzt.log
[2016-08-04 09:25:58,634 INFO root] Taurus CLI Tool v1.6.5
[2016-08-04 09:25:58,635 DEBUG root] Command-line options: {'log': 'bzt.log', 'verbose': None, 'option': ['-h'], 'aliases': [], 'no_system_configs': None, 'quiet': None}
[2016-08-04 09:25:58,636 DEBUG root] Python: CPython 3.4.3
[2016-08-04 09:25:58,637 DEBUG root] OS: uname_result(system='Linux', node='096f9174c51c', release='4.4.15-moby', version='#1 SMP Thu Jul 28 21:30:50 UTC 2016', machine='x86_64', processor='x86_64')
[2016-08-04 09:25:58,638 INFO root] Starting with configs: []
[2016-08-04 09:25:58,638 INFO Engine] Configuring...
[2016-08-04 09:25:58,639 DEBUG Engine] Reading machine configs from: /etc/bzt.d
[2016-08-04 09:25:58,640 INFO Engine] No personal config: /root/.bzt-rc
[2016-08-04 09:25:58,640 DEBUG Engine.Configuration] Configs: ['/etc/bzt.d/10-base.json', '/etc/bzt.d/90-artifacts-dir.json', '/etc/bzt.d/90-no-console.json', '/etc/bzt.d/99-installID.yml', '/etc/bzt.d/99-zinstallID.json']
[2016-08-04 09:25:58,641 DEBUG Engine.Configuration] Reading /etc/bzt.d/10-base.json as JSON
[2016-08-04 09:25:58,642 DEBUG Engine.Configuration] Reading /etc/bzt.d/90-artifacts-dir.json as JSON
[2016-08-04 09:25:58,643 DEBUG Engine.Configuration] Reading /etc/bzt.d/90-no-console.json as JSON
[2016-08-04 09:25:58,643 DEBUG Engine.Configuration] Reading /etc/bzt.d/99-installID.yml as YAML
[2016-08-04 09:25:58,644 DEBUG Engine.Configuration] Reading /etc/bzt.d/99-zinstallID.json as JSON
[2016-08-04 09:25:58,645 DEBUG Engine.Configuration] Configs: []
[2016-08-04 09:25:58,646 DEBUG root] Configs: []
[2016-08-04 09:25:58,646 DEBUG Engine] Requesting updates info: http://gettaurus.org/updates/?version=1.6.5&installID=Docker
[2016-08-04 09:25:58,804 DEBUG Engine] Result: {"latest":"1.6.5","needsUpgrade":false}
[2016-08-04 09:25:58,805 DEBUG Engine] Installation is up-to-date
[2016-08-04 09:25:58,807 DEBUG root] Caught exception in try: Traceback (most recent call last):
  File "/usr/lib/python3.4/site-packages/bzt/cli.py", line 151, in perform
    overrider.apply_overrides(self.options.option, self.engine.config)
  File "/usr/lib/python3.4/site-packages/bzt/cli.py", line 246, in apply_overrides
    name = option[:option.index('=')]
ValueError: substring not found

[2016-08-04 09:25:58,807 ERROR root] ValueError: substring not found
[2016-08-04 09:25:58,808 INFO Engine] Post-processing...
[2016-08-04 09:25:58,809 INFO root] Artifacts dir: None
[2016-08-04 09:25:58,811 WARNING root] Done performing with code: 1
[2016-08-04 09:25:58,812 DEBUG Engine] Add existing artifact (move=True): bzt.log
[2016-08-04 09:25:58,812 WARNING Engine] Artifacts dir has not been set, will not copy bzt.log
[2016-08-04 09:29:25,837 INFO root] Taurus CLI Tool v1.6.5
[2016-08-04 09:29:25,838 DEBUG root] Command-line options: {'verbose': None, 'option': None, 'quiet': None, 'no_system_configs': None, 'aliases': [], 'log': 'bzt.log'}
[2016-08-04 09:29:25,839 DEBUG root] Python: CPython 3.4.3
[2016-08-04 09:29:25,840 DEBUG root] OS: uname_result(system='Linux', node='096f9174c51c', release='4.4.15-moby', version='#1 SMP Thu Jul 28 21:30:50 UTC 2016', machine='x86_64', processor='x86_64')
[2016-08-04 09:29:25,841 INFO root] Starting with configs: ['help']
[2016-08-04 09:29:25,842 INFO Engine] Configuring...
[2016-08-04 09:29:25,842 DEBUG Engine] Reading machine configs from: /etc/bzt.d
[2016-08-04 09:29:25,843 INFO Engine] No personal config: /root/.bzt-rc
[2016-08-04 09:29:25,844 DEBUG Engine.Configuration] Configs: ['/etc/bzt.d/10-base.json', '/etc/bzt.d/90-artifacts-dir.json', '/etc/bzt.d/90-no-console.json', '/etc/bzt.d/99-installID.yml', '/etc/bzt.d/99-zinstallID.json']
[2016-08-04 09:29:25,845 DEBUG Engine.Configuration] Reading /etc/bzt.d/10-base.json as JSON
[2016-08-04 09:29:25,846 DEBUG Engine.Configuration] Reading /etc/bzt.d/90-artifacts-dir.json as JSON
[2016-08-04 09:29:25,846 DEBUG Engine.Configuration] Reading /etc/bzt.d/90-no-console.json as JSON
[2016-08-04 09:29:25,847 DEBUG Engine.Configuration] Reading /etc/bzt.d/99-installID.yml as YAML
[2016-08-04 09:29:25,849 DEBUG Engine.Configuration] Reading /etc/bzt.d/99-zinstallID.json as JSON
[2016-08-04 09:29:25,849 DEBUG Engine.Configuration] Configs: ['help']
[2016-08-04 09:29:25,851 DEBUG root] Caught exception in try: Traceback (most recent call last):
  File "/usr/lib/python3.4/site-packages/bzt/cli.py", line 140, in perform
    merged_config = self.engine.configure(configs, not self.options.no_system_configs)
  File "/usr/lib/python3.4/site-packages/bzt/engine.py", line 91, in configure
    merged_config = self._load_user_configs(user_configs)
  File "/usr/lib/python3.4/site-packages/bzt/engine.py", line 435, in _load_user_configs
    self.config.load(user_configs)
  File "/usr/lib/python3.4/site-packages/bzt/engine.py", line 568, in load
    config = self.__read_file(config_file)[0]
  File "/usr/lib/python3.4/site-packages/bzt/engine.py", line 581, in __read_file
    with open(filename) as fds:
FileNotFoundError: [Errno 2] No such file or directory: 'help'

[2016-08-04 09:29:25,852 ERROR root] FileNotFoundError: [Errno 2] No such file or directory: 'help'
[2016-08-04 09:29:25,852 INFO Engine] Post-processing...
[2016-08-04 09:29:25,855 INFO root] Artifacts dir: None
[2016-08-04 09:29:25,857 WARNING root] Done performing with code: 1
[2016-08-04 09:29:25,857 DEBUG Engine] Add existing artifact (move=True): bzt.log
[2016-08-04 09:29:25,858 WARNING Engine] Artifacts dir has not been set, will not copy bzt.log
